INFO  21:29:44,959 | james.mailstore | JamesMailStore init...
INFO  21:29:44,967 | james.mailstore | Registering Repository instance of class org.apache.james.mailrepository.file.FileMailRepository to handle file protocol requests for repositories of type MAIL with key fileMAIL
INFO  21:29:44,968 | james.mailstore | Registering Repository instance of class org.apache.james.mailrepository.jdbc.JDBCMailRepository to handle db protocol requests for repositories of type MAIL with key dbMAIL
INFO  21:29:44,971 | james.mailstore | Registering Repository instance of class org.apache.james.mailrepository.jdbc.JDBCMailRepository to handle dbfile protocol requests for repositories of type MAIL with key dbfileMAIL
INFO  21:29:44,973 | james.mailstore | Registering Repository instance of class org.apache.james.mailrepository.file.MBoxMailRepository to handle mbox protocol requests for repositories of type MAIL with key mboxMAIL
INFO  21:29:44,974 | james.mailstore | Registering Repository instance of class org.apache.james.filepair.FilePersistentObjectRepository to handle file protocol requests for repositories of type OBJECT with key fileOBJECT
INFO  21:29:44,975 | james.mailstore | Registering Repository instance of class org.apache.james.filepair.FilePersistentStreamRepository to handle file protocol requests for repositories of type STREAM with key fileSTREAM
INFO  21:29:44,997 | james.mailstore | Init org.apache.james.filepair.FilePersistentObjectRepository Store
INFO  21:29:45,002 | james.mailstore | org.apache.james.filepair.FilePersistentObjectRepository opened in ..\var\mail\error
INFO  21:29:45,004 | james.mailstore | added repository: file://var/mail/error/OBJECT->org.apache.james.filepair.FilePersistentObjectRepository
INFO  21:29:45,010 | james.mailstore | Init org.apache.james.filepair.FilePersistentStreamRepository Store
INFO  21:29:45,012 | james.mailstore | org.apache.james.filepair.FilePersistentStreamRepository opened in ..\var\mail\error
INFO  21:29:45,013 | james.mailstore | added repository: file://var/mail/error/STREAM->org.apache.james.filepair.FilePersistentStreamRepository
INFO  21:29:45,014 | james.mailstore | added repository: file://var/mail/error/MAIL->org.apache.james.mailrepository.file.FileMailRepository
INFO  21:29:45,020 | james.mailstore | Init org.apache.james.filepair.FilePersistentObjectRepository Store
INFO  21:29:45,021 | james.mailstore | org.apache.james.filepair.FilePersistentObjectRepository opened in ..\var\mail\spam
INFO  21:29:45,022 | james.mailstore | added repository: file://var/mail/spam/OBJECT->org.apache.james.filepair.FilePersistentObjectRepository
INFO  21:29:45,023 | james.mailstore | Init org.apache.james.filepair.FilePersistentStreamRepository Store
INFO  21:29:45,023 | james.mailstore | org.apache.james.filepair.FilePersistentStreamRepository opened in ..\var\mail\spam
INFO  21:29:45,023 | james.mailstore | added repository: file://var/mail/spam/STREAM->org.apache.james.filepair.FilePersistentStreamRepository
INFO  21:29:45,024 | james.mailstore | added repository: file://var/mail/spam/MAIL->org.apache.james.mailrepository.file.FileMailRepository
INFO  21:29:45,029 | james.mailstore | Init org.apache.james.filepair.FilePersistentObjectRepository Store
INFO  21:29:45,030 | james.mailstore | org.apache.james.filepair.FilePersistentObjectRepository opened in ..\var\mail\address-error
INFO  21:29:45,031 | james.mailstore | added repository: file://var/mail/address-error/OBJECT->org.apache.james.filepair.FilePersistentObjectRepository
INFO  21:29:45,034 | james.mailstore | Init org.apache.james.filepair.FilePersistentStreamRepository Store
INFO  21:29:45,035 | james.mailstore | org.apache.james.filepair.FilePersistentStreamRepository opened in ..\var\mail\address-error
INFO  21:29:45,036 | james.mailstore | added repository: file://var/mail/address-error/STREAM->org.apache.james.filepair.FilePersistentStreamRepository
INFO  21:29:45,038 | james.mailstore | added repository: file://var/mail/address-error/MAIL->org.apache.james.mailrepository.file.FileMailRepository
INFO  21:29:45,041 | james.mailstore | Init org.apache.james.filepair.FilePersistentObjectRepository Store
INFO  21:29:45,042 | james.mailstore | org.apache.james.filepair.FilePersistentObjectRepository opened in ..\var\mail\relay-denied
INFO  21:29:45,043 | james.mailstore | added repository: file://var/mail/relay-denied/OBJECT->org.apache.james.filepair.FilePersistentObjectRepository
INFO  21:29:45,044 | james.mailstore | Init org.apache.james.filepair.FilePersistentStreamRepository Store
INFO  21:29:45,047 | james.mailstore | org.apache.james.filepair.FilePersistentStreamRepository opened in ..\var\mail\relay-denied
INFO  21:29:45,049 | james.mailstore | added repository: file://var/mail/relay-denied/STREAM->org.apache.james.filepair.FilePersistentStreamRepository
INFO  21:29:45,051 | james.mailstore | added repository: file://var/mail/relay-denied/MAIL->org.apache.james.mailrepository.file.FileMailRepository
INFO  22:15:35,045 | james.mailstore | JamesMailStore init...
INFO  22:15:35,053 | james.mailstore | Registering Repository instance of class org.apache.james.mailrepository.file.FileMailRepository to handle file protocol requests for repositories of type MAIL with key fileMAIL
INFO  22:15:35,056 | james.mailstore | Registering Repository instance of class org.apache.james.mailrepository.jdbc.JDBCMailRepository to handle db protocol requests for repositories of type MAIL with key dbMAIL
INFO  22:15:35,058 | james.mailstore | Registering Repository instance of class org.apache.james.mailrepository.jdbc.JDBCMailRepository to handle dbfile protocol requests for repositories of type MAIL with key dbfileMAIL
INFO  22:15:35,059 | james.mailstore | Registering Repository instance of class org.apache.james.mailrepository.file.MBoxMailRepository to handle mbox protocol requests for repositories of type MAIL with key mboxMAIL
INFO  22:15:35,060 | james.mailstore | Registering Repository instance of class org.apache.james.filepair.FilePersistentObjectRepository to handle file protocol requests for repositories of type OBJECT with key fileOBJECT
INFO  22:15:35,060 | james.mailstore | Registering Repository instance of class org.apache.james.filepair.FilePersistentStreamRepository to handle file protocol requests for repositories of type STREAM with key fileSTREAM
INFO  22:15:35,078 | james.mailstore | Init org.apache.james.filepair.FilePersistentObjectRepository Store
INFO  22:15:35,081 | james.mailstore | org.apache.james.filepair.FilePersistentObjectRepository opened in ..\var\mail\error
INFO  22:15:35,084 | james.mailstore | added repository: file://var/mail/error/OBJECT->org.apache.james.filepair.FilePersistentObjectRepository
INFO  22:15:35,088 | james.mailstore | Init org.apache.james.filepair.FilePersistentStreamRepository Store
INFO  22:15:35,089 | james.mailstore | org.apache.james.filepair.FilePersistentStreamRepository opened in ..\var\mail\error
INFO  22:15:35,090 | james.mailstore | added repository: file://var/mail/error/STREAM->org.apache.james.filepair.FilePersistentStreamRepository
INFO  22:15:35,091 | james.mailstore | added repository: file://var/mail/error/MAIL->org.apache.james.mailrepository.file.FileMailRepository
INFO  22:15:35,098 | james.mailstore | Init org.apache.james.filepair.FilePersistentObjectRepository Store
INFO  22:15:35,099 | james.mailstore | org.apache.james.filepair.FilePersistentObjectRepository opened in ..\var\mail\spam
INFO  22:15:35,099 | james.mailstore | added repository: file://var/mail/spam/OBJECT->org.apache.james.filepair.FilePersistentObjectRepository
INFO  22:15:35,100 | james.mailstore | Init org.apache.james.filepair.FilePersistentStreamRepository Store
INFO  22:15:35,101 | james.mailstore | org.apache.james.filepair.FilePersistentStreamRepository opened in ..\var\mail\spam
INFO  22:15:35,101 | james.mailstore | added repository: file://var/mail/spam/STREAM->org.apache.james.filepair.FilePersistentStreamRepository
INFO  22:15:35,102 | james.mailstore | added repository: file://var/mail/spam/MAIL->org.apache.james.mailrepository.file.FileMailRepository
INFO  22:15:35,105 | james.mailstore | Init org.apache.james.filepair.FilePersistentObjectRepository Store
INFO  22:15:35,106 | james.mailstore | org.apache.james.filepair.FilePersistentObjectRepository opened in ..\var\mail\address-error
INFO  22:15:35,107 | james.mailstore | added repository: file://var/mail/address-error/OBJECT->org.apache.james.filepair.FilePersistentObjectRepository
INFO  22:15:35,108 | james.mailstore | Init org.apache.james.filepair.FilePersistentStreamRepository Store
INFO  22:15:35,108 | james.mailstore | org.apache.james.filepair.FilePersistentStreamRepository opened in ..\var\mail\address-error
INFO  22:15:35,109 | james.mailstore | added repository: file://var/mail/address-error/STREAM->org.apache.james.filepair.FilePersistentStreamRepository
INFO  22:15:35,109 | james.mailstore | added repository: file://var/mail/address-error/MAIL->org.apache.james.mailrepository.file.FileMailRepository
INFO  22:15:35,112 | james.mailstore | Init org.apache.james.filepair.FilePersistentObjectRepository Store
INFO  22:15:35,113 | james.mailstore | org.apache.james.filepair.FilePersistentObjectRepository opened in ..\var\mail\relay-denied
INFO  22:15:35,113 | james.mailstore | added repository: file://var/mail/relay-denied/OBJECT->org.apache.james.filepair.FilePersistentObjectRepository
INFO  22:15:35,114 | james.mailstore | Init org.apache.james.filepair.FilePersistentStreamRepository Store
INFO  22:15:35,116 | james.mailstore | org.apache.james.filepair.FilePersistentStreamRepository opened in ..\var\mail\relay-denied
INFO  22:15:35,116 | james.mailstore | added repository: file://var/mail/relay-denied/STREAM->org.apache.james.filepair.FilePersistentStreamRepository
INFO  22:15:35,117 | james.mailstore | added repository: file://var/mail/relay-denied/MAIL->org.apache.james.mailrepository.file.FileMailRepository
INFO  22:22:36,043 | james.mailstore | JamesMailStore init...
INFO  22:22:36,048 | james.mailstore | Registering Repository instance of class org.apache.james.mailrepository.file.FileMailRepository to handle file protocol requests for repositories of type MAIL with key fileMAIL
INFO  22:22:36,048 | james.mailstore | Registering Repository instance of class org.apache.james.mailrepository.jdbc.JDBCMailRepository to handle db protocol requests for repositories of type MAIL with key dbMAIL
INFO  22:22:36,050 | james.mailstore | Registering Repository instance of class org.apache.james.mailrepository.jdbc.JDBCMailRepository to handle dbfile protocol requests for repositories of type MAIL with key dbfileMAIL
INFO  22:22:36,050 | james.mailstore | Registering Repository instance of class org.apache.james.mailrepository.file.MBoxMailRepository to handle mbox protocol requests for repositories of type MAIL with key mboxMAIL
INFO  22:22:36,051 | james.mailstore | Registering Repository instance of class org.apache.james.filepair.FilePersistentObjectRepository to handle file protocol requests for repositories of type OBJECT with key fileOBJECT
INFO  22:22:36,052 | james.mailstore | Registering Repository instance of class org.apache.james.filepair.FilePersistentStreamRepository to handle file protocol requests for repositories of type STREAM with key fileSTREAM
INFO  22:22:36,072 | james.mailstore | Init org.apache.james.filepair.FilePersistentObjectRepository Store
INFO  22:22:36,074 | james.mailstore | org.apache.james.filepair.FilePersistentObjectRepository opened in ..\var\mail\error
INFO  22:22:36,076 | james.mailstore | added repository: file://var/mail/error/OBJECT->org.apache.james.filepair.FilePersistentObjectRepository
INFO  22:22:36,080 | james.mailstore | Init org.apache.james.filepair.FilePersistentStreamRepository Store
INFO  22:22:36,080 | james.mailstore | org.apache.james.filepair.FilePersistentStreamRepository opened in ..\var\mail\error
INFO  22:22:36,081 | james.mailstore | added repository: file://var/mail/error/STREAM->org.apache.james.filepair.FilePersistentStreamRepository
INFO  22:22:36,082 | james.mailstore | added repository: file://var/mail/error/MAIL->org.apache.james.mailrepository.file.FileMailRepository
INFO  22:22:36,089 | james.mailstore | Init org.apache.james.filepair.FilePersistentObjectRepository Store
INFO  22:22:36,089 | james.mailstore | org.apache.james.filepair.FilePersistentObjectRepository opened in ..\var\mail\spam
INFO  22:22:36,090 | james.mailstore | added repository: file://var/mail/spam/OBJECT->org.apache.james.filepair.FilePersistentObjectRepository
INFO  22:22:36,090 | james.mailstore | Init org.apache.james.filepair.FilePersistentStreamRepository Store
INFO  22:22:36,092 | james.mailstore | org.apache.james.filepair.FilePersistentStreamRepository opened in ..\var\mail\spam
INFO  22:22:36,093 | james.mailstore | added repository: file://var/mail/spam/STREAM->org.apache.james.filepair.FilePersistentStreamRepository
INFO  22:22:36,093 | james.mailstore | added repository: file://var/mail/spam/MAIL->org.apache.james.mailrepository.file.FileMailRepository
INFO  22:22:36,096 | james.mailstore | Init org.apache.james.filepair.FilePersistentObjectRepository Store
INFO  22:22:36,097 | james.mailstore | org.apache.james.filepair.FilePersistentObjectRepository opened in ..\var\mail\address-error
INFO  22:22:36,098 | james.mailstore | added repository: file://var/mail/address-error/OBJECT->org.apache.james.filepair.FilePersistentObjectRepository
INFO  22:22:36,099 | james.mailstore | Init org.apache.james.filepair.FilePersistentStreamRepository Store
INFO  22:22:36,100 | james.mailstore | org.apache.james.filepair.FilePersistentStreamRepository opened in ..\var\mail\address-error
INFO  22:22:36,102 | james.mailstore | added repository: file://var/mail/address-error/STREAM->org.apache.james.filepair.FilePersistentStreamRepository
INFO  22:22:36,103 | james.mailstore | added repository: file://var/mail/address-error/MAIL->org.apache.james.mailrepository.file.FileMailRepository
INFO  22:22:36,106 | james.mailstore | Init org.apache.james.filepair.FilePersistentObjectRepository Store
INFO  22:22:36,107 | james.mailstore | org.apache.james.filepair.FilePersistentObjectRepository opened in ..\var\mail\relay-denied
INFO  22:22:36,108 | james.mailstore | added repository: file://var/mail/relay-denied/OBJECT->org.apache.james.filepair.FilePersistentObjectRepository
INFO  22:22:36,108 | james.mailstore | Init org.apache.james.filepair.FilePersistentStreamRepository Store
INFO  22:22:36,108 | james.mailstore | org.apache.james.filepair.FilePersistentStreamRepository opened in ..\var\mail\relay-denied
INFO  22:22:36,109 | james.mailstore | added repository: file://var/mail/relay-denied/STREAM->org.apache.james.filepair.FilePersistentStreamRepository
INFO  22:22:36,110 | james.mailstore | added repository: file://var/mail/relay-denied/MAIL->org.apache.james.mailrepository.file.FileMailRepository
INFO  22:56:55,431 | james.mailstore | JamesMailStore init...
INFO  22:56:55,439 | james.mailstore | Registering Repository instance of class org.apache.james.mailrepository.file.FileMailRepository to handle file protocol requests for repositories of type MAIL with key fileMAIL
INFO  22:56:55,440 | james.mailstore | Registering Repository instance of class org.apache.james.mailrepository.jdbc.JDBCMailRepository to handle db protocol requests for repositories of type MAIL with key dbMAIL
INFO  22:56:55,441 | james.mailstore | Registering Repository instance of class org.apache.james.mailrepository.jdbc.JDBCMailRepository to handle dbfile protocol requests for repositories of type MAIL with key dbfileMAIL
INFO  22:56:55,441 | james.mailstore | Registering Repository instance of class org.apache.james.mailrepository.file.MBoxMailRepository to handle mbox protocol requests for repositories of type MAIL with key mboxMAIL
INFO  22:56:55,443 | james.mailstore | Registering Repository instance of class org.apache.james.filepair.FilePersistentObjectRepository to handle file protocol requests for repositories of type OBJECT with key fileOBJECT
INFO  22:56:55,444 | james.mailstore | Registering Repository instance of class org.apache.james.filepair.FilePersistentStreamRepository to handle file protocol requests for repositories of type STREAM with key fileSTREAM
INFO  22:56:55,465 | james.mailstore | Init org.apache.james.filepair.FilePersistentObjectRepository Store
INFO  22:56:55,468 | james.mailstore | org.apache.james.filepair.FilePersistentObjectRepository opened in ..\var\mail\error
INFO  22:56:55,470 | james.mailstore | added repository: file://var/mail/error/OBJECT->org.apache.james.filepair.FilePersistentObjectRepository
INFO  22:56:55,474 | james.mailstore | Init org.apache.james.filepair.FilePersistentStreamRepository Store
INFO  22:56:55,476 | james.mailstore | org.apache.james.filepair.FilePersistentStreamRepository opened in ..\var\mail\error
INFO  22:56:55,478 | james.mailstore | added repository: file://var/mail/error/STREAM->org.apache.james.filepair.FilePersistentStreamRepository
INFO  22:56:55,479 | james.mailstore | added repository: file://var/mail/error/MAIL->org.apache.james.mailrepository.file.FileMailRepository
INFO  22:56:55,483 | james.mailstore | Init org.apache.james.filepair.FilePersistentObjectRepository Store
INFO  22:56:55,484 | james.mailstore | org.apache.james.filepair.FilePersistentObjectRepository opened in ..\var\mail\spam
INFO  22:56:55,484 | james.mailstore | added repository: file://var/mail/spam/OBJECT->org.apache.james.filepair.FilePersistentObjectRepository
INFO  22:56:55,485 | james.mailstore | Init org.apache.james.filepair.FilePersistentStreamRepository Store
INFO  22:56:55,486 | james.mailstore | org.apache.james.filepair.FilePersistentStreamRepository opened in ..\var\mail\spam
INFO  22:56:55,486 | james.mailstore | added repository: file://var/mail/spam/STREAM->org.apache.james.filepair.FilePersistentStreamRepository
INFO  22:56:55,487 | james.mailstore | added repository: file://var/mail/spam/MAIL->org.apache.james.mailrepository.file.FileMailRepository
INFO  22:56:55,493 | james.mailstore | Init org.apache.james.filepair.FilePersistentObjectRepository Store
INFO  22:56:55,494 | james.mailstore | org.apache.james.filepair.FilePersistentObjectRepository opened in ..\var\mail\address-error
INFO  22:56:55,495 | james.mailstore | added repository: file://var/mail/address-error/OBJECT->org.apache.james.filepair.FilePersistentObjectRepository
INFO  22:56:55,496 | james.mailstore | Init org.apache.james.filepair.FilePersistentStreamRepository Store
INFO  22:56:55,496 | james.mailstore | org.apache.james.filepair.FilePersistentStreamRepository opened in ..\var\mail\address-error
INFO  22:56:55,497 | james.mailstore | added repository: file://var/mail/address-error/STREAM->org.apache.james.filepair.FilePersistentStreamRepository
INFO  22:56:55,498 | james.mailstore | added repository: file://var/mail/address-error/MAIL->org.apache.james.mailrepository.file.FileMailRepository
INFO  22:56:55,506 | james.mailstore | Init org.apache.james.filepair.FilePersistentObjectRepository Store
INFO  22:56:55,507 | james.mailstore | org.apache.james.filepair.FilePersistentObjectRepository opened in ..\var\mail\relay-denied
INFO  22:56:55,509 | james.mailstore | added repository: file://var/mail/relay-denied/OBJECT->org.apache.james.filepair.FilePersistentObjectRepository
INFO  22:56:55,512 | james.mailstore | Init org.apache.james.filepair.FilePersistentStreamRepository Store
INFO  22:56:55,512 | james.mailstore | org.apache.james.filepair.FilePersistentStreamRepository opened in ..\var\mail\relay-denied
INFO  22:56:55,513 | james.mailstore | added repository: file://var/mail/relay-denied/STREAM->org.apache.james.filepair.FilePersistentStreamRepository
INFO  22:56:55,514 | james.mailstore | added repository: file://var/mail/relay-denied/MAIL->org.apache.james.mailrepository.file.FileMailRepository
INFO  22:58:07,669 | james.mailstore | JamesMailStore init...
INFO  22:58:07,673 | james.mailstore | Registering Repository instance of class org.apache.james.mailrepository.file.FileMailRepository to handle file protocol requests for repositories of type MAIL with key fileMAIL
INFO  22:58:07,676 | james.mailstore | Registering Repository instance of class org.apache.james.mailrepository.jdbc.JDBCMailRepository to handle db protocol requests for repositories of type MAIL with key dbMAIL
INFO  22:58:07,676 | james.mailstore | Registering Repository instance of class org.apache.james.mailrepository.jdbc.JDBCMailRepository to handle dbfile protocol requests for repositories of type MAIL with key dbfileMAIL
INFO  22:58:07,677 | james.mailstore | Registering Repository instance of class org.apache.james.mailrepository.file.MBoxMailRepository to handle mbox protocol requests for repositories of type MAIL with key mboxMAIL
INFO  22:58:07,678 | james.mailstore | Registering Repository instance of class org.apache.james.filepair.FilePersistentObjectRepository to handle file protocol requests for repositories of type OBJECT with key fileOBJECT
INFO  22:58:07,680 | james.mailstore | Registering Repository instance of class org.apache.james.filepair.FilePersistentStreamRepository to handle file protocol requests for repositories of type STREAM with key fileSTREAM
INFO  22:58:07,705 | james.mailstore | Init org.apache.james.filepair.FilePersistentObjectRepository Store
INFO  22:58:07,706 | james.mailstore | org.apache.james.filepair.FilePersistentObjectRepository opened in ..\var\mail\error
INFO  22:58:07,708 | james.mailstore | added repository: file://var/mail/error/OBJECT->org.apache.james.filepair.FilePersistentObjectRepository
INFO  22:58:07,713 | james.mailstore | Init org.apache.james.filepair.FilePersistentStreamRepository Store
INFO  22:58:07,713 | james.mailstore | org.apache.james.filepair.FilePersistentStreamRepository opened in ..\var\mail\error
INFO  22:58:07,714 | james.mailstore | added repository: file://var/mail/error/STREAM->org.apache.james.filepair.FilePersistentStreamRepository
INFO  22:58:07,714 | james.mailstore | added repository: file://var/mail/error/MAIL->org.apache.james.mailrepository.file.FileMailRepository
INFO  22:58:07,719 | james.mailstore | Init org.apache.james.filepair.FilePersistentObjectRepository Store
INFO  22:58:07,720 | james.mailstore | org.apache.james.filepair.FilePersistentObjectRepository opened in ..\var\mail\spam
INFO  22:58:07,721 | james.mailstore | added repository: file://var/mail/spam/OBJECT->org.apache.james.filepair.FilePersistentObjectRepository
INFO  22:58:07,722 | james.mailstore | Init org.apache.james.filepair.FilePersistentStreamRepository Store
INFO  22:58:07,723 | james.mailstore | org.apache.james.filepair.FilePersistentStreamRepository opened in ..\var\mail\spam
INFO  22:58:07,723 | james.mailstore | added repository: file://var/mail/spam/STREAM->org.apache.james.filepair.FilePersistentStreamRepository
INFO  22:58:07,725 | james.mailstore | added repository: file://var/mail/spam/MAIL->org.apache.james.mailrepository.file.FileMailRepository
INFO  22:58:07,728 | james.mailstore | Init org.apache.james.filepair.FilePersistentObjectRepository Store
INFO  22:58:07,729 | james.mailstore | org.apache.james.filepair.FilePersistentObjectRepository opened in ..\var\mail\address-error
INFO  22:58:07,729 | james.mailstore | added repository: file://var/mail/address-error/OBJECT->org.apache.james.filepair.FilePersistentObjectRepository
INFO  22:58:07,730 | james.mailstore | Init org.apache.james.filepair.FilePersistentStreamRepository Store
INFO  22:58:07,731 | james.mailstore | org.apache.james.filepair.FilePersistentStreamRepository opened in ..\var\mail\address-error
INFO  22:58:07,731 | james.mailstore | added repository: file://var/mail/address-error/STREAM->org.apache.james.filepair.FilePersistentStreamRepository
INFO  22:58:07,732 | james.mailstore | added repository: file://var/mail/address-error/MAIL->org.apache.james.mailrepository.file.FileMailRepository
INFO  22:58:07,735 | james.mailstore | Init org.apache.james.filepair.FilePersistentObjectRepository Store
INFO  22:58:07,735 | james.mailstore | org.apache.james.filepair.FilePersistentObjectRepository opened in ..\var\mail\relay-denied
INFO  22:58:07,736 | james.mailstore | added repository: file://var/mail/relay-denied/OBJECT->org.apache.james.filepair.FilePersistentObjectRepository
INFO  22:58:07,738 | james.mailstore | Init org.apache.james.filepair.FilePersistentStreamRepository Store
INFO  22:58:07,738 | james.mailstore | org.apache.james.filepair.FilePersistentStreamRepository opened in ..\var\mail\relay-denied
INFO  22:58:07,739 | james.mailstore | added repository: file://var/mail/relay-denied/STREAM->org.apache.james.filepair.FilePersistentStreamRepository
INFO  22:58:07,739 | james.mailstore | added repository: file://var/mail/relay-denied/MAIL->org.apache.james.mailrepository.file.FileMailRepository
INFO  23:03:54,018 | james.mailstore | JamesMailStore init...
INFO  23:03:54,027 | james.mailstore | Registering Repository instance of class org.apache.james.mailrepository.file.FileMailRepository to handle file protocol requests for repositories of type MAIL with key fileMAIL
INFO  23:03:54,041 | james.mailstore | Registering Repository instance of class org.apache.james.mailrepository.jdbc.JDBCMailRepository to handle db protocol requests for repositories of type MAIL with key dbMAIL
INFO  23:03:54,044 | james.mailstore | Registering Repository instance of class org.apache.james.mailrepository.jdbc.JDBCMailRepository to handle dbfile protocol requests for repositories of type MAIL with key dbfileMAIL
INFO  23:03:54,044 | james.mailstore | Registering Repository instance of class org.apache.james.mailrepository.file.MBoxMailRepository to handle mbox protocol requests for repositories of type MAIL with key mboxMAIL
INFO  23:03:54,046 | james.mailstore | Registering Repository instance of class org.apache.james.filepair.FilePersistentObjectRepository to handle file protocol requests for repositories of type OBJECT with key fileOBJECT
INFO  23:03:54,047 | james.mailstore | Registering Repository instance of class org.apache.james.filepair.FilePersistentStreamRepository to handle file protocol requests for repositories of type STREAM with key fileSTREAM
INFO  23:03:54,068 | james.mailstore | Init org.apache.james.filepair.FilePersistentObjectRepository Store
INFO  23:03:54,071 | james.mailstore | org.apache.james.filepair.FilePersistentObjectRepository opened in ..\var\mail\error
INFO  23:03:54,082 | james.mailstore | added repository: file://var/mail/error/OBJECT->org.apache.james.filepair.FilePersistentObjectRepository
INFO  23:03:54,088 | james.mailstore | Init org.apache.james.filepair.FilePersistentStreamRepository Store
INFO  23:03:54,089 | james.mailstore | org.apache.james.filepair.FilePersistentStreamRepository opened in ..\var\mail\error
INFO  23:03:54,091 | james.mailstore | added repository: file://var/mail/error/STREAM->org.apache.james.filepair.FilePersistentStreamRepository
INFO  23:03:54,095 | james.mailstore | added repository: file://var/mail/error/MAIL->org.apache.james.mailrepository.file.FileMailRepository
INFO  23:03:54,104 | james.mailstore | Init org.apache.james.filepair.FilePersistentObjectRepository Store
INFO  23:03:54,105 | james.mailstore | org.apache.james.filepair.FilePersistentObjectRepository opened in ..\var\mail\spam
INFO  23:03:54,106 | james.mailstore | added repository: file://var/mail/spam/OBJECT->org.apache.james.filepair.FilePersistentObjectRepository
INFO  23:03:54,107 | james.mailstore | Init org.apache.james.filepair.FilePersistentStreamRepository Store
INFO  23:03:54,108 | james.mailstore | org.apache.james.filepair.FilePersistentStreamRepository opened in ..\var\mail\spam
INFO  23:03:54,109 | james.mailstore | added repository: file://var/mail/spam/STREAM->org.apache.james.filepair.FilePersistentStreamRepository
INFO  23:03:54,110 | james.mailstore | added repository: file://var/mail/spam/MAIL->org.apache.james.mailrepository.file.FileMailRepository
INFO  23:03:54,116 | james.mailstore | Init org.apache.james.filepair.FilePersistentObjectRepository Store
INFO  23:03:54,117 | james.mailstore | org.apache.james.filepair.FilePersistentObjectRepository opened in ..\var\mail\address-error
INFO  23:03:54,117 | james.mailstore | added repository: file://var/mail/address-error/OBJECT->org.apache.james.filepair.FilePersistentObjectRepository
INFO  23:03:54,118 | james.mailstore | Init org.apache.james.filepair.FilePersistentStreamRepository Store
INFO  23:03:54,118 | james.mailstore | org.apache.james.filepair.FilePersistentStreamRepository opened in ..\var\mail\address-error
INFO  23:03:54,118 | james.mailstore | added repository: file://var/mail/address-error/STREAM->org.apache.james.filepair.FilePersistentStreamRepository
INFO  23:03:54,119 | james.mailstore | added repository: file://var/mail/address-error/MAIL->org.apache.james.mailrepository.file.FileMailRepository
INFO  23:03:54,122 | james.mailstore | Init org.apache.james.filepair.FilePersistentObjectRepository Store
INFO  23:03:54,122 | james.mailstore | org.apache.james.filepair.FilePersistentObjectRepository opened in ..\var\mail\relay-denied
INFO  23:03:54,122 | james.mailstore | added repository: file://var/mail/relay-denied/OBJECT->org.apache.james.filepair.FilePersistentObjectRepository
INFO  23:03:54,123 | james.mailstore | Init org.apache.james.filepair.FilePersistentStreamRepository Store
INFO  23:03:54,124 | james.mailstore | org.apache.james.filepair.FilePersistentStreamRepository opened in ..\var\mail\relay-denied
INFO  23:03:54,124 | james.mailstore | added repository: file://var/mail/relay-denied/STREAM->org.apache.james.filepair.FilePersistentStreamRepository
INFO  23:03:54,125 | james.mailstore | added repository: file://var/mail/relay-denied/MAIL->org.apache.james.mailrepository.file.FileMailRepository
